<?xml version="1.0" encoding="UTF-8"?>
<testsuite xmlns:xsi="http://www.w3.org/2001/XMLSchema-instance" xsi:noNamespaceSchemaLocation="https://maven.apache.org/surefire/maven-surefire-plugin/xsd/surefire-test-report-3.0.xsd" version="3.0" name="TestSuite" time="62.798" tests="4" errors="0" skipped="0" failures="0">
  <properties>
[...]
</properties>
  <testcase name="EnterName" classname="Acu.ResumeTracker.TestClass.Resume_LoginTest_1" time="2.189">
    <system-out><![CDATA[I am in onStart method ResumeTracker
I am in onStart method ResumeTracker
I am in onTestStart method EnterName start
I am in onTestStart method EnterName start
I am in onTestSuccess method EnterName succeed
I am in onTestSuccess method EnterName succeed
]]></system-out>
    <system-err><![CDATA[SLF4J: Failed to load class "org.slf4j.impl.StaticLoggerBinder".
SLF4J: Defaulting to no-operation (NOP) logger implementation
SLF4J: See http://www.slf4j.org/codes.html#StaticLoggerBinder for further details.
ChromeDriver was started successfully.
Nov 16, 2020 10:50:04 AM org.openqa.selenium.remote.ProtocolHandshake createSession
INFO: Detected dialect: W3C
]]></system-err>
  </testcase>
  <testcase name="EnterPass" classname="Acu.ResumeTracker.TestClass.Resume_LoginTest_1" time="0.847">
    <system-out><![CDATA[I am in onTestStart method EnterPass start
I am in onTestStart method EnterPass start
I am in onTestSuccess method EnterPass succeed
I am in onTestSuccess method EnterPass succeed
]]></system-out>
  </testcase>
  <testcase name="Role" classname="Acu.ResumeTracker.TestClass.Resume_LoginTest_1" time="0.847">
    <system-out><![CDATA[I am in onTestStart method Role start
I am in onTestStart method Role start
I am in onTestSuccess method Role succeed
I am in onTestSuccess method Role succeed
]]></system-out>
  </testcase>
  <testcase name="Logintest" classname="Acu.ResumeTracker.TestClass.Resume_LoginTest_1" time="4.836">
    <system-out><![CDATA[I am in onTestStart method Logintest start
I am in onTestStart method Logintest start
I am in onTestSuccess method Logintest succeed
I am in onTestSuccess method Logintest succeed
]]></system-out>
  </testcase>
</testsuite>