<?xml version="1.0" encoding="UTF-8"?>
<testng-results ignored="0" total="4" passed="4" failed="0" skipped="0">
  <reporter-output>
  </reporter-output>
  <suite started-at="2020-11-16T10:49:36 IST" name="AcurusResume" finished-at="2020-11-16T10:50:26 IST" duration-ms="49978">
    <groups>
    </groups>
    <test started-at="2020-11-16T10:49:36 IST" name="ResumeTracker" finished-at="2020-11-16T10:50:26 IST" duration-ms="49978">
      <class name="Acu.ResumeTracker.TestClass.Resume_LoginTest_1">
        <test-method is-config="true" signature="setUp()[pri:0, instance:Acu.ResumeTracker.TestClass.Resume_LoginTest_1@5bb3131b]" started-at="2020-11-16T10:49:36 IST" name="setUp" description="Initialize Chrome Before Strat all Class to Execute" finished-at="2020-11-16T10:50:08 IST" duration-ms="31544" status="PASS">
          <reporter-output>
          </reporter-output>
        </test-method> <!-- setUp -->
        <test-method is-config="true" signature="openUrl()[pri:0, instance:Acu.ResumeTracker.TestClass.Resume_LoginTest_1@5bb3131b]" started-at="2020-11-16T10:50:08 IST" name="openUrl" description="Launch URL Once Before Start All Tests" finished-at="2020-11-16T10:50:15 IST" duration-ms="7330" status="PASS">
          <reporter-output>
          </reporter-output>
        </test-method> <!-- openUrl -->
        <test-method signature="EnterName()[pri:1, instance:Acu.ResumeTracker.TestClass.Resume_LoginTest_1@5bb3131b]" started-at="2020-11-16T10:50:15 IST" name="EnterName" description="Enter UserName" finished-at="2020-11-16T10:50:18 IST" duration-ms="2188" status="PASS">
          <reporter-output>
          </reporter-output>
        </test-method> <!-- EnterName -->
        <test-method signature="EnterPass()[pri:2, instance:Acu.ResumeTracker.TestClass.Resume_LoginTest_1@5bb3131b]" started-at="2020-11-16T10:50:18 IST" name="EnterPass" description="Enter PassWord" finished-at="2020-11-16T10:50:19 IST" duration-ms="838" status="PASS">
          <reporter-output>
          </reporter-output>
        </test-method> <!-- EnterPass -->
        <test-method signature="Role()[pri:3, instance:Acu.ResumeTracker.TestClass.Resume_LoginTest_1@5bb3131b]" started-at="2020-11-16T10:50:19 IST" name="Role" description="Select Role From DropDown" finished-at="2020-11-16T10:50:20 IST" duration-ms="844" status="PASS">
          <reporter-output>
          </reporter-output>
        </test-method> <!-- Role -->
        <test-method signature="Logintest()[pri:4, instance:Acu.ResumeTracker.TestClass.Resume_LoginTest_1@5bb3131b]" started-at="2020-11-16T10:50:20 IST" name="Logintest" description="Click Sign in Button and Check Valid or Invalid Login" finished-at="2020-11-16T10:50:25 IST" duration-ms="4840" status="PASS">
          <reporter-output>
          </reporter-output>
        </test-method> <!-- Logintest -->
        <test-method is-config="true" signature="CookiesDelete()[pri:0, instance:Acu.ResumeTracker.TestClass.Resume_LoginTest_1@5bb3131b]" started-at="2020-11-16T10:50:25 IST" name="CookiesDelete" description="Delete the Cookies Once Done All Tests" finished-at="2020-11-16T10:50:25 IST" duration-ms="68" status="PASS">
          <reporter-output>
          </reporter-output>
        </test-method> <!-- CookiesDelete -->
        <test-method is-config="true" signature="tearDown()[pri:0, instance:Acu.ResumeTracker.TestClass.Resume_LoginTest_1@5bb3131b]" started-at="2020-11-16T10:50:25 IST" name="tearDown" description="Quite the Browser Once Done All Classes Have Done" finished-at="2020-11-16T10:50:26 IST" duration-ms="1035" status="PASS">
          <reporter-output>
          </reporter-output>
        </test-method> <!-- tearDown -->
      </class> <!-- Acu.ResumeTracker.TestClass.Resume_LoginTest_1 -->
    </test> <!-- ResumeTracker -->
  </suite> <!-- AcurusResume -->
</testng-results>
